2026-01-24 23:28:36,731 - INFO - Flowchart saved to output\run_20260124_232835\Program_Flowchart.png
2026-01-24 23:28:36,732 - INFO - Loading data from D:\RCPSP-MILP Solver\uploads\Sample Input 2.xlsx
2026-01-24 23:28:38,287 - INFO - Detected single-sheet format
2026-01-24 23:28:38,301 - INFO - Data loaded successfully
2026-01-24 23:28:38,302 - INFO - Data validation passed
2026-01-24 23:28:38,302 - INFO - Starting RCPSP optimization
2026-01-24 23:28:38,315 - INFO - Model built with 28 constraints in 0.01s
2026-01-24 23:28:38,315 - INFO - Solving MILP model...
2026-01-24 23:28:38,570 - INFO - Solver status: Optimal | CPU: 0.016s | Wall: 0.255s
2026-01-24 23:28:38,571 - INFO - Optimal makespan: 14
2026-01-24 23:28:38,777 - INFO - Gantt chart page 1 saved: output\run_20260124_232835\Gantt_Chart_20260124_232838_P1.png
2026-01-24 23:28:38,778 - WARNING - No renewable resources to plot
2026-01-24 23:28:39,227 - INFO - Summary metrics chart saved: output\run_20260124_232835\Summary_Metrics_20260124_232838.png
2026-01-24 23:28:39,318 - INFO - Excel report saved: output\run_20260124_232835\RCPSP_Results_20260124_232839.xlsx
2026-01-24 23:28:39,319 - INFO - Text report saved: output\run_20260124_232835\RCPSP_Results_20260124_232839.txt
2026-01-24 23:28:39,321 - INFO - JSON summary saved: output\run_20260124_232835\RCPSP_Summary_20260124_232839.json
2026-01-25 00:05:20,414 - INFO - Loading data from D:\RCPSP-MILP Solver\uploads\Sample Input 2.xlsx
2026-01-25 00:05:20,655 - INFO - Detected single-sheet format
2026-01-25 00:05:20,665 - INFO - Data loaded successfully
2026-01-25 00:05:20,667 - INFO - Data validation passed
2026-01-25 00:05:22,042 - INFO - Network diagram saved to output\run_20260125_000520\Program_Flowchart.png
2026-01-25 00:05:22,043 - INFO - Starting RCPSP optimization
2026-01-25 00:05:22,084 - INFO - Model built with 28 constraints in 0.04s
2026-01-25 00:05:22,084 - INFO - Solving MILP model...
2026-01-25 00:05:22,181 - INFO - Solver status: Optimal | CPU: 0.000s | Wall: 0.096s
2026-01-25 00:05:22,181 - INFO - Optimal makespan: 14
2026-01-25 00:05:22,398 - INFO - Gantt chart page 1 saved: output\run_20260125_000520\Gantt_Chart_20260125_000522_P1.png
2026-01-25 00:05:22,398 - WARNING - No renewable resources to plot
2026-01-25 00:05:22,846 - INFO - Summary metrics chart saved: output\run_20260125_000520\Summary_Metrics_20260125_000522.png
2026-01-25 00:05:22,884 - INFO - Excel report saved: output\run_20260125_000520\RCPSP_Results_20260125_000522.xlsx
2026-01-25 00:05:22,886 - INFO - Text report saved: output\run_20260125_000520\RCPSP_Results_20260125_000522.txt
2026-01-25 00:05:22,888 - INFO - JSON summary saved: output\run_20260125_000520\RCPSP_Summary_20260125_000522.json
2026-01-25 00:07:33,427 - INFO - Loading data from D:\RCPSP-MILP Solver\uploads\Sample Input 2.xlsx
2026-01-25 00:07:33,592 - INFO - Detected single-sheet format
2026-01-25 00:07:33,598 - INFO - Data loaded successfully
2026-01-25 00:07:33,599 - INFO - Data validation passed
2026-01-25 00:07:34,035 - INFO - Network diagram saved to output\run_20260125_000733\Program_Flowchart.png
2026-01-25 00:07:34,036 - INFO - Starting RCPSP optimization
2026-01-25 00:07:34,050 - INFO - Model built with 28 constraints in 0.01s
2026-01-25 00:07:34,051 - INFO - Solving MILP model...
2026-01-25 00:07:34,153 - INFO - Solver status: Optimal | CPU: 0.031s | Wall: 0.102s
2026-01-25 00:07:34,154 - INFO - Optimal makespan: 14
2026-01-25 00:07:34,399 - INFO - Gantt chart page 1 saved: output\run_20260125_000733\Gantt_Chart_20260125_000734_P1.png
2026-01-25 00:07:34,400 - WARNING - No renewable resources to plot
2026-01-25 00:07:34,812 - INFO - Summary metrics chart saved: output\run_20260125_000733\Summary_Metrics_20260125_000734.png
2026-01-25 00:07:34,853 - INFO - Excel report saved: output\run_20260125_000733\RCPSP_Results_20260125_000734.xlsx
2026-01-25 00:07:34,859 - INFO - Text report saved: output\run_20260125_000733\RCPSP_Results_20260125_000734.txt
2026-01-25 00:07:34,863 - INFO - JSON summary saved: output\run_20260125_000733\RCPSP_Summary_20260125_000734.json
2026-01-25 00:10:18,673 - INFO - Loading data from D:\RCPSP-MILP Solver\uploads\Sample Input 2.xlsx
2026-01-25 00:10:18,832 - INFO - Detected single-sheet format
2026-01-25 00:10:18,840 - INFO - Data loaded successfully
2026-01-25 00:10:18,840 - INFO - Data validation passed
2026-01-25 00:10:19,248 - INFO - Network diagram saved to output\run_20260125_001018\Program_Flowchart.png
2026-01-25 00:10:19,248 - INFO - Starting RCPSP optimization
2026-01-25 00:10:19,262 - INFO - Model built with 28 constraints in 0.01s
2026-01-25 00:10:19,263 - INFO - Solving MILP model...
2026-01-25 00:10:19,364 - INFO - Solver status: Optimal | CPU: 0.016s | Wall: 0.101s
2026-01-25 00:10:19,364 - INFO - Optimal makespan: 14
2026-01-25 00:10:19,601 - INFO - Gantt chart page 1 saved: output\run_20260125_001018\Gantt_Chart_20260125_001019_P1.png
2026-01-25 00:10:19,602 - WARNING - No renewable resources to plot
2026-01-25 00:10:20,039 - INFO - Summary metrics chart saved: output\run_20260125_001018\Summary_Metrics_20260125_001019.png
2026-01-25 00:10:20,077 - INFO - Excel report saved: output\run_20260125_001018\RCPSP_Results_20260125_001020.xlsx
2026-01-25 00:10:20,079 - INFO - Text report saved: output\run_20260125_001018\RCPSP_Results_20260125_001020.txt
2026-01-25 00:10:20,080 - INFO - JSON summary saved: output\run_20260125_001018\RCPSP_Summary_20260125_001020.json
2026-01-25 23:21:31,312 - INFO - Loading data from D:\RCPSP-MILP Solver\converted_excel_files\j1201_1.xlsx
2026-01-25 23:21:31,490 - INFO - Detected single-sheet format
2026-01-25 23:21:31,510 - ERROR - Error loading Excel file: Single-sheet format requires columns {'Duration', 'ActivityID'}. Found: ['Project Nr', '# Jobs', 'Rel Date', 'Due Date', 'Tard Cost', 'MPM Time']
2026-01-25 23:21:31,510 - ERROR - Failed to load data: Failed to load Excel file: Single-sheet format requires columns {'Duration', 'ActivityID'}. Found: ['Project Nr', '# Jobs', 'Rel Date', 'Due Date', 'Tard Cost', 'MPM Time']
2026-01-25 23:31:36,376 - INFO - Loading data from D:\RCPSP-MILP Solver\converted_excel_files\j1201_1.xlsx
2026-01-25 23:31:36,616 - INFO - Detected PSPLIB format
2026-01-25 23:31:36,681 - INFO - Remapping PSPLIB nodes: 1->0, 122->N
2026-01-25 23:31:36,682 - INFO - Data loaded successfully
2026-01-25 23:31:36,682 - INFO - Data validation passed
2026-01-25 23:31:40,835 - INFO - Network diagram saved to output\run_20260125_233136\Program_Flowchart.png
2026-01-25 23:31:40,836 - INFO - Starting RCPSP optimization
2026-01-25 23:31:45,976 - INFO - Model built with 3097 constraints in 5.14s
2026-01-25 23:31:45,977 - INFO - Solving MILP model...
2026-01-25 23:36:49,438 - INFO - Solver status: Not Solved | CPU: 1.906s | Wall: 303.461s
2026-01-26 16:56:54,517 - INFO - Loading data from D:\RCPSP-MILP Solver\converted_excel_files\j1201_1.xlsx
2026-01-26 16:56:56,633 - INFO - Detected PSPLIB format
2026-01-26 16:56:56,634 - INFO - Parsing PSPLIB format Excel file
2026-01-26 16:56:56,697 - INFO - Loaded sheets - Resources: (1, 4), Requests: (122, 7), Precedence: (122, 4)
2026-01-26 16:56:56,697 - INFO - Parsed 4 resources
2026-01-26 16:56:56,703 - INFO - Parsed 122 activities with resource usage
2026-01-26 16:56:56,709 - INFO - Parsed 183 precedence relations
2026-01-26 16:56:56,710 - INFO - Remapping dummies: 1->0, 122->N
2026-01-26 16:56:56,710 - INFO - Parsed 122 activities, 4 resources, 183 precedence relations
2026-01-26 16:56:56,710 - INFO - Data loaded successfully
2026-01-26 16:56:56,711 - INFO - Data validation passed
2026-01-26 16:57:01,059 - INFO - Network diagram saved to output\run_20260126_165654\Program_Flowchart.png
2026-01-26 16:57:01,061 - INFO - Starting optimized RCPSP solver
2026-01-26 17:02:24,878 - INFO - Loading data from D:\RCPSP-MILP Solver\converted_excel_files\j1201_1.xlsx
2026-01-26 17:02:25,053 - INFO - Detected PSPLIB format
2026-01-26 17:02:25,053 - INFO - Parsing PSPLIB format Excel file
2026-01-26 17:02:25,089 - INFO - Loaded sheets - Resources: (1, 4), Requests: (122, 7), Precedence: (122, 4)
2026-01-26 17:02:25,090 - INFO - Parsed 4 resources
2026-01-26 17:02:25,093 - INFO - Parsed 122 activities with resource usage
2026-01-26 17:02:25,098 - INFO - Parsed 183 precedence relations
2026-01-26 17:02:25,099 - INFO - Remapping dummies: 1->0, 122->N
2026-01-26 17:02:25,099 - INFO - Parsed 122 activities, 4 resources, 183 precedence relations
2026-01-26 17:02:25,099 - INFO - Data loaded successfully
2026-01-26 17:02:25,100 - INFO - Data validation passed
2026-01-26 17:02:28,952 - INFO - Network diagram saved to output\run_20260126_170224\Program_Flowchart.png
2026-01-26 17:02:29,003 - INFO - Starting optimized RCPSP solver
2026-01-26 17:06:07,059 - INFO - Loading data from D:\RCPSP-MILP Solver\converted_excel_files\j1201_1.xlsx
2026-01-26 17:06:07,249 - INFO - Detected PSPLIB format
2026-01-26 17:06:07,249 - INFO - Parsing PSPLIB format Excel file
2026-01-26 17:06:07,283 - INFO - Loaded sheets - Resources: (1, 4), Requests: (122, 7), Precedence: (122, 4)
2026-01-26 17:06:07,284 - INFO - Parsed 4 resources
2026-01-26 17:06:07,293 - INFO - Parsed 122 activities with resource usage
2026-01-26 17:06:07,299 - INFO - Parsed 183 precedence relations
2026-01-26 17:06:07,300 - INFO - Remapping dummies: 1->0, 122->N
2026-01-26 17:06:07,301 - INFO - Parsed 122 activities, 4 resources, 183 precedence relations
2026-01-26 17:06:07,301 - INFO - Data loaded successfully
2026-01-26 17:06:07,302 - INFO - Data validation passed
2026-01-26 17:06:10,938 - INFO - Network diagram saved to output\run_20260126_170607\Program_Flowchart.png
2026-01-26 17:06:10,939 - INFO - Starting optimized RCPSP solver
2026-01-26 17:06:11,640 - INFO - Gantt chart page 1 saved: output\run_20260126_170607\Gantt_Chart_20260126_170610_P1.png
2026-01-26 17:06:12,219 - INFO - Gantt chart page 2 saved: output\run_20260126_170607\Gantt_Chart_20260126_170610_P2.png
2026-01-26 17:06:13,119 - INFO - Resource utilization chart saved: output\run_20260126_170607\Resource_Utilization_20260126_170610.png
2026-01-26 17:06:13,622 - INFO - Summary metrics chart saved: output\run_20260126_170607\Summary_Metrics_20260126_170610.png
2026-01-26 17:06:13,790 - INFO - Excel report saved: output\run_20260126_170607\RCPSP_Results_20260126_170613.xlsx
